C:\Program Files\Microsoft Visual Studio\2022\Community\MSBuild\Microsoft\VC\v170\Microsoft.CppBuild.targets(514,5): warning MSB8028: 中間ディレクトリ (obj\x64\Release\) に別のプロジェクト (Particles_MultiCam.vcxproj) と共有されているファイルが含まれています。これにより、クリーンしてリビルド動作が適切に行われない可能性があります。
  ofApp.cpp
  Info: Boost.Config is older than your compiler version - probably nothing bad will happen - but you may wish to look for an update Boost version.  Define BOOST_CONFIG_SUPPRESS_OUTDATED_MESSAGE to suppress this message.
C:\of_v0.11.2_vs2017_release\libs\openFrameworks\utils\ofUtils.h(1,1): warning C4819: ファイルは、現在のコード ページ (932) で表示できない文字を含んでいます。データの損失を防ぐために、ファイルを Unicode 形式で保存してください。
C:\of_v0.11.2_vs2017_release\libs\openFrameworks\math\ofVec3f.h(1,1): warning C4819: ファイルは、現在のコード ページ (932) で表示できない文字を含んでいます。データの損失を防ぐために、ファイルを Unicode 形式で保存してください。
C:\of_v0.11.2_vs2017_release\libs\openFrameworks\math\ofVec2f.h(1,1): warning C4819: ファイルは、現在のコード ページ (932) で表示できない文字を含んでいます。データの損失を防ぐために、ファイルを Unicode 形式で保存してください。
C:\of_v0.11.2_vs2017_release\libs\openFrameworks\math\ofMatrix4x4.h(326,1): warning C4267: '引数': 'size_t' から 'int' に変換しました。データが失われているかもしれません。
C:\of_v0.11.2_vs2017_release\libs\openFrameworks\math\ofMatrix4x4.h(331,1): warning C4267: '引数': 'size_t' から 'int' に変換しました。データが失われているかもしれません。
C:\of_v0.11.2_vs2017_release\libs\openFrameworks\math\ofMatrix4x4.h(912,12): warning C4267: '引数': 'size_t' から 'int' に変換しました。データが失われているかもしれません。
C:\of_v0.11.2_vs2017_release\libs\openFrameworks\math\ofMatrix4x4.h(913,12): warning C4267: '引数': 'size_t' から 'int' に変換しました。データが失われているかもしれません。
C:\of_v0.11.2_vs2017_release\libs\openFrameworks\math\ofMatrix4x4.h(914,12): warning C4267: '引数': 'size_t' から 'int' に変換しました。データが失われているかもしれません。
C:\of_v0.11.2_vs2017_release\libs\openFrameworks\math\ofMatrix4x4.h(915,12): warning C4267: '引数': 'size_t' から 'int' に変換しました。データが失われているかもしれません。
C:\of_v0.11.2_vs2017_release\apps\myApps\MultiCam\src\pingPongBuffer.h(1,1): warning C4819: ファイルは、現在のコード ページ (932) で表示できない文字を含んでいます。データの損失を防ぐために、ファイルを Unicode 形式で保存してください。
     ライブラリ bin\MultiCam.lib とオブジェクト bin\MultiCam.exp を作成中
  Particles_MultiCam.vcxproj -> C:\of_v0.11.2_vs2017_release\apps\myApps\MultiCam\bin\MultiCam.exe
  
  	                   2	C:\of_v0.11.2_vs2017_release\libs\fmod\lib\vs\x64\
  	  *EXTRA File 		 1503232	C:\of_v0.11.2_vs2017_release\apps\myApps\MultiCam\bin\fmodex64.dll
  	  *EXTRA File 		 1552384	C:\of_v0.11.2_vs2017_release\apps\myApps\MultiCam\bin\fmodexL64.dll
  	  *EXTRA File 		  229376	C:\of_v0.11.2_vs2017_release\apps\myApps\MultiCam\bin\freeglut.dll
  	  *EXTRA File 		 6942208	C:\of_v0.11.2_vs2017_release\apps\myApps\MultiCam\bin\FreeImage.dll
  	  *EXTRA File 		  364032	C:\of_v0.11.2_vs2017_release\apps\myApps\MultiCam\bin\glew32.dll
  	  *EXTRA File 		   48640	C:\of_v0.11.2_vs2017_release\apps\myApps\MultiCam\bin\glfw3.dll
  
  	                   1	C:\of_v0.11.2_vs2017_release\libs\FreeImage\lib\vs\x64\
  	  *EXTRA File 		 1826304	C:\of_v0.11.2_vs2017_release\apps\myApps\MultiCam\bin\fmod.dll
  	  *EXTRA File 		 1503232	C:\of_v0.11.2_vs2017_release\apps\myApps\MultiCam\bin\fmodex64.dll
  	  *EXTRA File 		 1552384	C:\of_v0.11.2_vs2017_release\apps\myApps\MultiCam\bin\fmodexL64.dll
  	  *EXTRA File 		 2041856	C:\of_v0.11.2_vs2017_release\apps\myApps\MultiCam\bin\fmodL.dll
  	  *EXTRA File 		  229376	C:\of_v0.11.2_vs2017_release\apps\myApps\MultiCam\bin\freeglut.dll
  	  *EXTRA File 		  364032	C:\of_v0.11.2_vs2017_release\apps\myApps\MultiCam\bin\glew32.dll
  	  *EXTRA File 		   48640	C:\of_v0.11.2_vs2017_release\apps\myApps\MultiCam\bin\glfw3.dll
